<data><version>5</version><maxID>240</maxID><topics><items><topic><name>None</name><description>No topic.</description><color><red>0</red><green>0</green><blue>0</blue><alpha>255</alpha></color><background><red>255</red><green>255</green><blue>255</blue><alpha>255</alpha></background><id>8</id></topic><topic><name>Work</name><description></description><color reference="../../topic/color"/><background reference="../../topic/background"/><id>135</id></topic><topic><name>Work - projects</name><description></description><color reference="../../topic/color"/><background reference="../../topic/background"/><id>136</id></topic><topic><name>Work - Career</name><description></description><color reference="../../topic/color"/><background reference="../../topic/background"/><id>137</id></topic><topic><name>Personal</name><description></description><color reference="../../topic/color"/><background reference="../../topic/background"/><id>138</id></topic><topic><name>Person - Technical</name><description></description><color reference="../../topic/color"/><background reference="../../topic/background"/><id>139</id></topic><topic><name>Personal - Home</name><description></description><color reference="../../topic/color"/><background reference="../../topic/background"/><id>140</id></topic></items></topics><contexts><items><context><name>None</name><description>No context.</description><id>9</id></context><context><name>Office</name><description>At the office</description><id>128</id></context><context><name>Home</name><description>At home</description><id>129</id></context><context><name>Shop</name><description>At a place with shops</description><id>130</id></context><context><name>Phone</name><description>A place where i can only use the phone</description><id>131</id></context><context><name>Computer</name><description>Behind a computer</description><id>132</id></context><context><name>Boat</name><description>At my boat</description><id>133</id></context></items></contexts><information><items/></information><futures><items/></futures><thoughts><items><thought><created>2011-11-28 22:07:37.255 UTC</created><description>Put trash outside</description><topic><name>None</name><description>No topic.</description><color><red>0</red><green>0</green><blue>0</blue><alpha>255</alpha></color><background><red>255</red><green>255</green><blue>255</blue><alpha>255</alpha></background><id>8</id></topic><processed>true</processed><id>177</id></thought></items></thoughts><rootProject class="projects"><id>1</id><created>2011-11-13 20:06:25.468 UTC</created><parent class="tr.model.project.ProjectRoot"><id>0</id><created>2011-11-13 20:06:25.587 UTC</created><children><projects reference="../../.."/><actions><id>2</id><created>2011-11-13 20:06:25.469 UTC</created><parent class="tr.model.project.ProjectRoot" reference="../../.."/><children/><topic reference="../../../../../topics/items/topic"/><description></description><purpose></purpose><success></success><brainstorming></brainstorming><organising></organising><done>false</done><sequence>false</sequence><modified>2011-11-13 20:06:25.588 UTC</modified></actions></children><topic reference="../../../topics/items/topic"/><description></description><purpose></purpose><success></success><brainstorming></brainstorming><organising></organising><done>false</done><sequence>false</sequence><modified>2011-11-13 20:06:25.587 UTC</modified></parent><children><project><id>142</id><created>2011-11-13 20:09:49.894 UTC</created><parent class="projects" reference="../../.."/><children><action><id>240</id><created>2013-01-12 11:41:01.716 UTC</created><parent reference="../../.."/><description>Prepare weekly team meeting</description><topic reference="../../../../../../topics/items/topic[2]"/><context reference="../../../../../../contexts/items/context[6]"/><state class="actionStateScheduled"><created>2013-01-12 11:41:01.716 UTC</created><date>2013-01-13 23:00:00.0 UTC</date><durationHours>0</durationHours><durationMinutes>0</durationMinutes><recurrence><id>149</id><project reference="../../../../.."/><description>Prepare weekly team meeting</description><topic reference="../../../../../../../../topics/items/topic[2]"/><context reference="../../../../../../../../contexts/items/context[6]"/><scheduleHours>0</scheduleHours><scheduleMins>0</scheduleMins><durationHours>0</durationHours><durationMins>0</durationMins><basisID>1</basisID><startDate>2011-11-13 23:00:00.0 UTC</startDate><periodID>0</periodID><frequency>1</frequency><advanceNbr>1</advanceNbr><genNbr>0</genNbr><genToDate reference="../../date"/><success></success><notes>Weekly team meeting. Invite Lisa, Peter and John.
Prepare agenda and send around one day before.</notes><period class="tr.model.action.PeriodWeek"><selectedDays class="vector"><int>2</int></selectedDays></period></recurrence></state><notes>Weekly team meeting. Invite Lisa, Peter and John.
Prepare agenda and send around one day before.</notes><done>false</done><success></success><modified>2013-01-12 11:41:01.729 UTC</modified></action></children><topic reference="../../../../topics/items/topic"/><description>Work</description><purpose></purpose><success></success><brainstorming></brainstorming><organising></organising><done>false</done><sequence>false</sequence><modified>2013-01-12 11:47:25.85 UTC</modified><seqIncludeProjects>false</seqIncludeProjects><seqIncludeScheduled>false</seqIncludeScheduled><seqIncludeDelegated>false</seqIncludeDelegated></project><project><id>143</id><created>2011-11-13 20:09:59.465 UTC</created><parent class="projects" reference="../../.."/><children><action><id>151</id><created>2011-11-13 20:12:07.973 UTC</created><parent reference="../../.."/><description>Update development plan</description><topic reference="../../../../../../topics/items/topic"/><context reference="../../../../../../contexts/items/context[6]"/><state class="actionStateScheduled"><created>2011-11-13 20:12:37.167 UTC</created><date>2013-01-30 23:00:00.0 UTC</date><durationHours>0</durationHours><durationMinutes>0</durationMinutes></state><notes></notes><done>false</done><modified>2011-11-13 20:12:37.167 UTC</modified></action></children><topic reference="../../../../topics/items/topic"/><description>Work - Career</description><purpose></purpose><success></success><brainstorming></brainstorming><organising></organising><done>false</done><sequence>false</sequence><modified>2011-11-13 20:12:07.973 UTC</modified><seqIncludeProjects>false</seqIncludeProjects><seqIncludeScheduled>false</seqIncludeScheduled><seqIncludeDelegated>false</seqIncludeDelegated></project><project><id>144</id><created>2011-11-13 20:10:06.542 UTC</created><parent class="projects" reference="../../.."/><children><project><id>152</id><created>2011-11-13 20:12:51.494 UTC</created><parent reference="../../.."/><children><action><id>169</id><created>2011-11-14 19:59:41.501 UTC</created><parent reference="../../.."/><description>Search internet for product Y</description><topic reference="../../../../../../../../topics/items/topic[3]"/><context reference="../../../../../../../../contexts/items/context[6]"/><state class="actionStateASAP"><created>2011-11-14 20:00:10.34 UTC</created></state><notes></notes><done>false</done><dueDate>2013-01-11 23:00:00.0 UTC</dueDate><modified>2013-01-12 11:39:32.663 UTC</modified></action><action><id>170</id><created>2011-11-14 20:00:26.763 UTC</created><parent reference="../../.."/><description>Draft outline of report X</description><topic reference="../../../../../../../../topics/items/topic[3]"/><context reference="../../../../../../../../contexts/items/context[6]"/><state class="actionStateASAP"><created>2011-11-14 20:00:39.971 UTC</created></state><notes></notes><done>false</done><dueDate>2012-12-10 23:00:00.0 UTC</dueDate><modified>2012-12-09 22:31:13.928 UTC</modified></action></children><topic reference="../../../../../../topics/items/topic"/><description>Create report X</description><purpose></purpose><success></success><brainstorming></brainstorming><organising></organising><done>false</done><sequence>false</sequence><modified>2011-11-14 20:00:26.764 UTC</modified><seqIncludeProjects>false</seqIncludeProjects><seqIncludeScheduled>false</seqIncludeScheduled><seqIncludeDelegated>false</seqIncludeDelegated></project><project><id>153</id><created>2011-11-13 20:14:04.184 UTC</created><parent reference="../../.."/><children><action><id>171</id><created>2011-11-14 20:00:52.915 UTC</created><parent reference="../../.."/><description>Research laptop models on internet</description><topic reference="../../../../../../../../topics/items/topic[3]"/><context reference="../../../../../../../../contexts/items/context[6]"/><state class="actionStateASAP"><created>2011-11-14 20:01:27.474 UTC</created></state><notes></notes><done>false</done><modified>2011-11-14 21:29:50.6 UTC</modified></action><action><id>174</id><created>2011-11-14 20:42:58.603 UTC</created><parent reference="../../.."/><description>Check if old laptop can be repaired</description><topic reference="../../../../../../../../topics/items/topic[3]"/><context reference="../../../../../../../../contexts/items/context[4]"/><state class="actionStateScheduled"><created>2011-11-14 20:43:21.312 UTC</created><date>2013-01-14 23:00:00.0 UTC</date><durationHours>0</durationHours><durationMinutes>0</durationMinutes></state><notes>Fri Jan 6 2012
[http://www.notebookreview.com/reviews/|http://www.notebookreview.com/reviews/]

&lt;H1&gt;Notebook/Laptop Ratings and Reviews&lt;/H1&gt;
Click here to find out more!

Use the search filters below to find Notebook/Laptop ratings and reviews from NotebookReview.com and other trusted review sites on the web.</notes><done>false</done><modified>2012-01-06 10:26:08.731 UTC</modified></action></children><topic reference="../../../../../../topics/items/topic"/><description>Buy new laptop</description><purpose></purpose><success></success><brainstorming></brainstorming><organising></organising><done>false</done><sequence>false</sequence><modified>2011-11-14 20:42:58.603 UTC</modified><seqIncludeProjects>false</seqIncludeProjects><seqIncludeScheduled>false</seqIncludeScheduled><seqIncludeDelegated>false</seqIncludeDelegated></project><project><id>154</id><created>2011-11-13 20:14:57.61 UTC</created><parent reference="../../.."/><children><action><id>172</id><created>2011-11-14 20:01:34.424 UTC</created><parent reference="../../.."/><description>Prepare meeting with Peter</description><topic reference="../../../../../../../../topics/items/topic[3]"/><context reference="../../../../../../../../contexts/items/context[6]"/><state class="actionStateScheduled"><created>2011-11-14 20:02:10.511 UTC</created><date>2012-12-09 23:00:00.0 UTC</date><durationHours>0</durationHours><durationMinutes>0</durationMinutes></state><notes></notes><done>false</done><modified>2011-11-14 20:02:10.511 UTC</modified></action><action><id>173</id><created>2011-11-14 20:02:18.881 UTC</created><parent reference="../../.."/><description>Setup meeting with Susan</description><topic reference="../../../../../../../../topics/items/topic[3]"/><context reference="../../../../../../../../contexts/items/context[6]"/><state class="actionStateDelegated"><created>2011-11-14 20:03:19.386 UTC</created><to></to><chase>2012-09-04 22:00:00.0 UTC</chase><actorID>0</actorID></state><notes></notes><done>false</done><modified>2011-11-14 20:03:25.335 UTC</modified></action></children><topic reference="../../../../../../topics/items/topic"/><description>Client A</description><purpose></purpose><success></success><brainstorming></brainstorming><organising></organising><done>false</done><sequence>false</sequence><modified>2011-11-14 20:02:18.882 UTC</modified><seqIncludeProjects>false</seqIncludeProjects><seqIncludeScheduled>false</seqIncludeScheduled><seqIncludeDelegated>false</seqIncludeDelegated></project></children><topic reference="../../../../topics/items/topic"/><description>Work - Projects</description><purpose></purpose><success></success><brainstorming></brainstorming><organising></organising><done>false</done><sequence>false</sequence><modified>2011-11-13 20:14:57.61 UTC</modified><seqIncludeProjects>false</seqIncludeProjects><seqIncludeScheduled>false</seqIncludeScheduled><seqIncludeDelegated>false</seqIncludeDelegated></project><project><id>145</id><created>2011-11-13 20:10:14.981 UTC</created><parent class="projects" reference="../../.."/><children><action><id>155</id><created>2011-11-13 20:18:17.84 UTC</created><parent reference="../../.."/><description>Reserve tickets for cinema 0201234567</description><topic reference="../../../../../../topics/items/topic"/><context reference="../../../../../../contexts/items/context[5]"/><state class="actionStateASAP"><created>2011-11-13 20:19:14.18 UTC</created></state><notes></notes><done>false</done><modified>2011-11-13 20:19:35.335 UTC</modified></action><action><id>186</id><created>2012-01-06 15:29:39.783 UTC</created><parent reference="../../.."/><description>Ask John when my car is ready +61238220</description><topic reference="../../../../../../topics/items/topic[5]"/><context reference="../../../../../../contexts/items/context[5]"/><state class="actionStateASAP"><created>2012-01-06 15:30:23.774 UTC</created></state><notes></notes><done>false</done><modified>2012-01-06 15:30:23.774 UTC</modified></action></children><topic reference="../../../../topics/items/topic"/><description>Personal</description><purpose></purpose><success></success><brainstorming></brainstorming><organising></organising><done>false</done><sequence>false</sequence><modified>2012-01-06 15:29:39.816 UTC</modified><seqIncludeProjects>false</seqIncludeProjects><seqIncludeScheduled>false</seqIncludeScheduled><seqIncludeDelegated>false</seqIncludeDelegated></project><project><id>146</id><created>2011-11-13 20:10:21.840 UTC</created><parent class="projects" reference="../../.."/><children><project><id>156</id><created>2011-11-13 20:19:41.932 UTC</created><parent reference="../../.."/><children><action><id>157</id><created>2011-11-13 20:19:46.993 UTC</created><parent reference="../../.."/><description>Decide which color to paint the house</description><topic reference="../../../../../../../../topics/items/topic[7]"/><context reference="../../../../../../../../contexts/items/context[3]"/><state class="actionStateDelegated"><created>2011-11-13 20:20:02.42 UTC</created><to>Ann</to><actorID>0</actorID></state><notes></notes><done>false</done><modified>2011-11-13 20:20:26.526 UTC</modified></action><action><id>158</id><created>2011-11-13 20:20:30.613 UTC</created><parent reference="../../.."/><description>Buy paint</description><topic reference="../../../../../../../../topics/items/topic[7]"/><context reference="../../../../../../../../contexts/items/context[4]"/><state class="actionStateInactive"><created>2011-11-13 20:20:30.614 UTC</created></state><notes></notes><done>false</done><modified>2011-11-13 20:20:47.583 UTC</modified></action><action><id>159</id><created>2011-11-13 20:20:49.720 UTC</created><parent reference="../../.."/><description>Paint house</description><topic reference="../../../../../../../../topics/items/topic[7]"/><context reference="../../../../../../../../contexts/items/context[3]"/><state class="actionStateInactive"><created>2011-11-13 20:20:49.721 UTC</created></state><notes></notes><done>false</done><modified>2011-11-13 20:21:02.440 UTC</modified></action></children><topic reference="../../../../../../topics/items/topic"/><description>Paint the house</description><purpose></purpose><success></success><brainstorming></brainstorming><organising></organising><done>false</done><sequence>false</sequence><modified>2011-11-13 20:20:49.721 UTC</modified><seqIncludeProjects>false</seqIncludeProjects><seqIncludeScheduled>false</seqIncludeScheduled><seqIncludeDelegated>false</seqIncludeDelegated></project><project><id>160</id><created>2011-11-13 20:21:06.186 UTC</created><parent reference="../../.."/><children><action><id>161</id><created>2011-11-13 20:21:29.263 UTC</created><parent reference="../../.."/><description>Make inventory of current lighting</description><topic reference="../../../../../../../../topics/items/topic[7]"/><context reference="../../../../../../../../contexts/items/context[3]"/><state class="actionStateASAP"><created>2011-11-13 20:21:44.706 UTC</created></state><notes></notes><done>false</done><modified>2011-11-13 20:21:44.706 UTC</modified></action><action><id>162</id><created>2011-11-13 20:21:47.945 UTC</created><parent reference="../../.."/><description>Search the internet for LED lights</description><topic reference="../../../../../../../../topics/items/topic[7]"/><context reference="../../../../../../../../contexts/items/context[6]"/><state class="actionStateASAP"><created>2011-11-13 20:22:30.845 UTC</created></state><notes></notes><done>false</done><success>Know which LED lights i want to buy</success><modified>2011-11-13 20:22:30.845 UTC</modified></action><action><id>163</id><created>2011-11-13 20:22:32.980 UTC</created><parent reference="../../.."/><description>Buy LED lights</description><topic reference="../../../../../../../../topics/items/topic[7]"/><context reference="../../../../../../../../contexts/items/context[4]"/><state class="actionStateInactive"><created>2011-11-13 20:22:32.980 UTC</created></state><notes></notes><done>false</done><modified>2011-11-13 20:22:43.457 UTC</modified></action></children><topic reference="../../../../../../topics/items/topic"/><description>Replace lights with LED</description><purpose></purpose><success></success><brainstorming></brainstorming><organising></organising><done>false</done><sequence>false</sequence><modified>2011-11-13 20:22:32.980 UTC</modified><seqIncludeProjects>false</seqIncludeProjects><seqIncludeScheduled>false</seqIncludeScheduled><seqIncludeDelegated>false</seqIncludeDelegated></project><action><id>180</id><created>2011-11-28 22:08:19.983 UTC</created><thought reference="../../../../../../thoughts/items/thought"/><parent reference="../../.."/><description>Put trash outside</description><topic reference="../../../../../../topics/items/topic[7]"/><context reference="../../../../../../contexts/items/context[3]"/><state class="actionStateASAP"><created>2011-11-28 22:08:34.415 UTC</created></state><notes></notes><done>false</done><success></success><modified>2011-11-28 22:51:43.988 UTC</modified></action><action><id>203</id><created>2012-05-07 13:51:32.63 UTC</created><parent reference="../../.."/><description>Check smoke detector</description><topic reference="../../../../../../topics/items/topic[7]"/><context reference="../../../../../../contexts/items/context[3]"/><state class="actionStateScheduled"><created>2012-05-07 13:51:32.64 UTC</created><date>2012-12-25 23:00:00.0 UTC</date><durationHours>0</durationHours><durationMinutes>0</durationMinutes><recurrence><id>165</id><project reference="../../../../.."/><description>Check smoke detector</description><topic reference="../../../../../../../../topics/items/topic[7]"/><context reference="../../../../../../../../contexts/items/context[3]"/><scheduleHours>0</scheduleHours><scheduleMins>0</scheduleMins><durationHours>0</durationHours><durationMins>0</durationMins><basisID>2</basisID><startDate>2011-11-18 23:00:00.0 UTC</startDate><periodID>0</periodID><frequency>3</frequency><advanceNbr>4</advanceNbr><genNbr>1</genNbr><genToDate>2012-08-06 22:00:00.0 UTC</genToDate><success></success><notes></notes><period class="tr.model.action.PeriodMonth"><option>Each</option><selectedDays class="vector"/></period></recurrence></state><notes></notes><done>false</done><success></success><modified>2012-05-07 13:52:49.131 UTC</modified></action></children><topic reference="../../../../topics/items/topic"/><description>Personal - Home</description><purpose></purpose><success></success><brainstorming></brainstorming><organising></organising><done>false</done><sequence>false</sequence><modified>2012-12-10 20:01:24.954 UTC</modified><seqIncludeProjects>false</seqIncludeProjects><seqIncludeScheduled>false</seqIncludeScheduled><seqIncludeDelegated>false</seqIncludeDelegated></project><project><id>147</id><created>2011-11-13 20:10:32.671 UTC</created><parent class="projects" reference="../../.."/><children><project><id>166</id><created>2011-11-13 20:24:21.660 UTC</created><parent reference="../../.."/><children><action><id>167</id><created>2011-11-13 20:24:39.717 UTC</created><parent reference="../../.."/><description>Finish sorting activity</description><topic reference="../../../../../../../../topics/items/topic[6]"/><context reference="../../../../../../../../contexts/items/context[6]"/><state class="actionStateASAP"><created>2011-11-13 20:24:57.437 UTC</created></state><notes></notes><done>false</done><modified>2011-11-13 20:24:57.437 UTC</modified></action><action><id>168</id><created>2011-11-13 20:25:00.282 UTC</created><parent reference="../../.."/><description>Make new screenshots</description><topic reference="../../../../../../../../topics/items/topic[6]"/><context reference="../../../../../../../../contexts/items/context[6]"/><state class="actionStateASAP"><created>2011-11-13 20:25:24.386 UTC</created></state><notes></notes><done>false</done><modified>2011-11-13 20:25:24.386 UTC</modified></action></children><topic reference="../../../../../../topics/items/topic[6]"/><description>Develop TR viewer app</description><purpose></purpose><success></success><brainstorming></brainstorming><organising></organising><done>false</done><sequence>false</sequence><modified>2011-11-13 20:25:00.282 UTC</modified><seqIncludeProjects>false</seqIncludeProjects><seqIncludeScheduled>false</seqIncludeScheduled><seqIncludeDelegated>false</seqIncludeDelegated></project></children><topic reference="../../../../topics/items/topic"/><description>Personal - Technical</description><purpose></purpose><success></success><brainstorming></brainstorming><organising></organising><done>false</done><sequence>false</sequence><modified>2011-11-13 20:24:21.660 UTC</modified><seqIncludeProjects>false</seqIncludeProjects><seqIncludeScheduled>false</seqIncludeScheduled><seqIncludeDelegated>false</seqIncludeDelegated></project></children><topic reference="../../topics/items/topic"/><description></description><purpose></purpose><success></success><brainstorming></brainstorming><organising></organising><done>false</done><sequence>false</sequence><modified>2011-11-13 20:10:32.671 UTC</modified></rootProject><rootActions class="actions" reference="../rootProject/parent/children/actions"/><rootTemplates class="tr.model.project.ProjectTemplates"><id>3</id><created>2011-11-13 20:06:25.469 UTC</created><children/><topic reference="../../topics/items/topic"/><description></description><purpose></purpose><success></success><brainstorming></brainstorming><organising></organising><done>false</done><sequence>false</sequence><modified>2011-11-13 20:06:25.469 UTC</modified></rootTemplates><rootFutures class="tr.model.project.ProjectFutures"><id>4</id><created>2011-11-13 20:06:25.469 UTC</created><children/><topic reference="../../topics/items/topic"/><description></description><purpose></purpose><success></success><brainstorming></brainstorming><organising></organising><done>false</done><sequence>false</sequence><modified>2011-11-13 20:06:25.469 UTC</modified></rootFutures><timeCriterion><name>Time</name><use>false</use><values><items><value><id>101</id><name>5 min</name></value><value><id>102</id><name>10 min</name></value><value><id>103</id><name>15 min</name></value><value><id>104</id><name>20 min</name></value><value><id>105</id><name>30 min</name></value><value><id>106</id><name>45 min</name></value><value><id>107</id><name>1 hr</name></value><value><id>108</id><name>1.5 hrs</name></value><value><id>109</id><name>2 hrs</name></value><value><id>110</id><name>2.5 hrs</name></value><value><id>111</id><name>3 hrs</name></value><value><id>112</id><name>4 hrs</name></value><value><id>113</id><name>5 hrs</name></value><value><id>114</id><name>6 hrs</name></value><value><id>115</id><name>7 hrs</name></value><value><id>116</id><name>8 hrs</name></value></items></values></timeCriterion><energyCriterion><name>Energy</name><use>false</use><values><items><value><id>117</id><name>None</name></value><value><id>118</id><name>Low Mental</name></value><value><id>119</id><name>Med Mental</name></value><value><id>120</id><name>High Mental</name></value><value><id>121</id><name>Low Physical</name></value><value><id>122</id><name>Med Physical</name></value><value><id>123</id><name>High Physical</name></value></items></values></energyCriterion><priorityCriterion><name>Priority</name><use>false</use><values><items><value><id>124</id><name>Must</name></value><value><id>125</id><name>Should</name></value><value><id>126</id><name>Would</name></value><value><id>127</id><name>Could</name></value></items></values></priorityCriterion><maxLogID>0</maxLogID><actors><items/></actors><levels/><goals><tr.model.goals.data.GoalRoot><id>16</id><descr>Goals</descr></tr.model.goals.data.GoalRoot></goals><goalSubgoals><entry><int>16</int><vector/></entry></goalSubgoals></data>